<?xml version="1.0" encoding="UTF-8"?>
<!-- Generated by org.testng.reporters.JUnitReportReporter -->
<testsuite hostname="Gani_49" failures="0" tests="4" name="testCases.TC003_LoginDDT" time="28.425" errors="0" timestamp="2025-05-14T19:22:52 IST" skipped="0">
  <testcase classname="testCases.TC003_LoginDDT" name="verify_loginDDT" time="11.645"/>
  <testcase classname="testCases.TC003_LoginDDT" name="verify_loginDDT" time="2.620"/>
  <testcase classname="testCases.TC003_LoginDDT" name="verify_loginDDT" time="11.456"/>
  <testcase classname="testCases.TC003_LoginDDT" name="verify_loginDDT" time="2.704"/>
</testsuite> <!-- testCases.TC003_LoginDDT -->
