<?xml version="1.0" encoding="UTF-8"?>
<!-- Generated by org.testng.reporters.JUnitReportReporter -->
<testsuite hostname="Gani_49" failures="0" tests="1" name="testCases.TC002_Login_Test" time="1.843" errors="0" timestamp="2025-05-16T17:45:31 IST" skipped="0">
  <testcase classname="testCases.TC002_Login_Test" name="verify_login" time="1.843"/>
</testsuite> <!-- testCases.TC002_Login_Test -->
